c:\users\silent.silent-pc\documents\visual studio 2015\projects\newmidtradegate\midtradegate\debug\vc120.pdb
c:\users\silent.silent-pc\documents\visual studio 2015\projects\newmidtradegate\midtradegate\debug\vc120.idb
c:\users\silent.silent-pc\documents\visual studio 2015\projects\newmidtradegate\midtradegate\debug\connmanager.nativecodeanalysis.xml
c:\users\silent.silent-pc\documents\visual studio 2015\projects\newmidtradegate\midtradegate\debug\ioservicepool.nativecodeanalysis.xml
c:\users\silent.silent-pc\documents\visual studio 2015\projects\newmidtradegate\midtradegate\debug\main.nativecodeanalysis.xml
c:\users\silent.silent-pc\documents\visual studio 2015\projects\newmidtradegate\midtradegate\debug\tcpconnectbase.nativecodeanalysis.xml
c:\users\silent.silent-pc\documents\visual studio 2015\projects\newmidtradegate\midtradegate\debug\tcpconnectbase.obj
c:\users\silent.silent-pc\documents\visual studio 2015\projects\newmidtradegate\midtradegate\debug\main.obj
c:\users\silent.silent-pc\documents\visual studio 2015\projects\newmidtradegate\midtradegate\debug\ioservicepool.obj
c:\users\silent.silent-pc\documents\visual studio 2015\projects\newmidtradegate\midtradegate\debug\connmanager.obj
c:\users\silent.silent-pc\documents\visual studio 2015\projects\newmidtradegate\debug\midtradegate.ilk
c:\users\silent.silent-pc\documents\visual studio 2015\projects\newmidtradegate\debug\midtradegate.exe
c:\users\silent.silent-pc\documents\visual studio 2015\projects\newmidtradegate\debug\midtradegate.pdb
c:\users\silent.silent-pc\documents\visual studio 2015\projects\newmidtradegate\midtradegate\debug\nativecodeanalysis.read.1.tlog
c:\users\silent.silent-pc\documents\visual studio 2015\projects\newmidtradegate\midtradegate\debug\vc.nativecodeanalysis.all.xml
c:\users\silent.silent-pc\documents\visual studio 2015\projects\newmidtradegate\debug\midtradegate.exe.lastcodeanalysissucceeded
c:\users\silent.silent-pc\documents\visual studio 2015\projects\newmidtradegate\midtradegate\debug\midtradegate.tlog\cl.command.1.tlog
c:\users\silent.silent-pc\documents\visual studio 2015\projects\newmidtradegate\midtradegate\debug\midtradegate.tlog\cl.read.1.tlog
c:\users\silent.silent-pc\documents\visual studio 2015\projects\newmidtradegate\midtradegate\debug\midtradegate.tlog\cl.read.12.tlog
c:\users\silent.silent-pc\documents\visual studio 2015\projects\newmidtradegate\midtradegate\debug\midtradegate.tlog\cl.read.17.tlog
c:\users\silent.silent-pc\documents\visual studio 2015\projects\newmidtradegate\midtradegate\debug\midtradegate.tlog\cl.read.22.tlog
c:\users\silent.silent-pc\documents\visual studio 2015\projects\newmidtradegate\midtradegate\debug\midtradegate.tlog\cl.read.5.tlog
c:\users\silent.silent-pc\documents\visual studio 2015\projects\newmidtradegate\midtradegate\debug\midtradegate.tlog\cl.write.1.tlog
c:\users\silent.silent-pc\documents\visual studio 2015\projects\newmidtradegate\midtradegate\debug\midtradegate.tlog\link.command.1.tlog
c:\users\silent.silent-pc\documents\visual studio 2015\projects\newmidtradegate\midtradegate\debug\midtradegate.tlog\link.read.1.tlog
c:\users\silent.silent-pc\documents\visual studio 2015\projects\newmidtradegate\midtradegate\debug\midtradegate.tlog\link.write.1.tlog
